<?xml version="1.0" encoding="UTF-8"?>
<!-- Generated by org.testng.reporters.JUnitReportReporter -->
<testsuite skipped="0" hostname="PC377809" name="com.cts.test.Validlogin" tests="1" failures="0" timestamp="07 Jun 2018 06:38:57 GMT" time="26.021" errors="0">
  <testcase name="execute" time="26.021" classname="com.cts.test.Validlogin"/>
</testsuite> <!-- com.cts.test.Validlogin -->
