<?xml version="1.0" encoding="UTF-8"?>
<!-- Generated by org.testng.reporters.JUnitReportReporter -->
<testsuite skipped="0" hostname="PC377809" name="com.cts.test.Validlogin" tests="1" failures="0" timestamp="13 Jun 2018 12:35:12 GMT" time="26.602" errors="0">
  <testcase name="execute" time="26.602" classname="com.cts.test.Validlogin"/>
</testsuite> <!-- com.cts.test.Validlogin -->
